app/build/intermediates/manifest_merge_blame_file/debug/manifest-merger-blame-debug-report.txt
1<?xml version="1.0" encoding="utf-8"?>
2<manifest xmlns:android="http://schemas.android.com/apk/res/android"
3    package="com.example.myapplication"
4    android:versionCode="1"
5    android:versionName="1.0" >
6
7    <uses-sdk
8        android:minSdkVersion="21"
8-->src/main/AndroidManifest.xml
9        android:targetSdkVersion="31" />
9-->src/main/AndroidManifest.xml
10
11    <uses-permission android:name="android.permission.INTERNET" />
11-->src/main/AndroidManifest.xml:6:5-67
11-->src/main/AndroidManifest.xml:6:22-64
12
13    <uses-feature
13-->src/main/AndroidManifest.xml:8:5-10:36
14        android:name="android.hardware.touchscreen"
14-->src/main/AndroidManifest.xml:9:9-52
15        android:required="false" />
15-->src/main/AndroidManifest.xml:10:9-33
16    <uses-feature
16-->src/main/AndroidManifest.xml:11:5-13:35
17        android:name="android.software.leanback"
17-->src/main/AndroidManifest.xml:12:9-49
18        android:required="true" />
18-->src/main/AndroidManifest.xml:13:9-32
19
20    <uses-permission android:name="android.permission.REORDER_TASKS" />
20-->[androidx.test:core:1.4.0] AndroidManifest.xml:24:5-72
20-->[androidx.test:core:1.4.0] AndroidManifest.xml:24:22-69
21
22    <application
22-->src/main/AndroidManifest.xml:15:5-39:19
23        android:allowBackup="true"
23-->src/main/AndroidManifest.xml:16:9-35
24        android:appComponentFactory="androidx.core.app.CoreComponentFactory"
24-->[androidx.core:core:1.7.0] AndroidManifest.xml:24:18-86
25        android:debuggable="true"
26        android:icon="@mipmap/ic_launcher"
26-->src/main/AndroidManifest.xml:17:9-43
27        android:label="@string/app_name"
27-->src/main/AndroidManifest.xml:18:9-41
28        android:supportsRtl="true"
28-->src/main/AndroidManifest.xml:19:9-35
29        android:testOnly="true"
30        android:theme="@style/Theme.MyApplication" >
30-->src/main/AndroidManifest.xml:20:9-51
31        <activity
31-->src/main/AndroidManifest.xml:21:9-34:20
32            android:name="com.example.myapplication.MainActivity"
32-->src/main/AndroidManifest.xml:22:13-41
33            android:banner="@drawable/app_icon_your_company"
33-->src/main/AndroidManifest.xml:23:13-61
34            android:exported="true"
34-->src/main/AndroidManifest.xml:24:13-36
35            android:icon="@drawable/app_icon_your_company"
35-->src/main/AndroidManifest.xml:25:13-59
36            android:label="@string/app_name"
36-->src/main/AndroidManifest.xml:26:13-45
37            android:logo="@drawable/app_icon_your_company"
37-->src/main/AndroidManifest.xml:27:13-59
38            android:screenOrientation="landscape" >
38-->src/main/AndroidManifest.xml:28:13-50
39            <intent-filter>
39-->src/main/AndroidManifest.xml:29:13-33:29
40                <action android:name="android.intent.action.MAIN" />
40-->src/main/AndroidManifest.xml:30:17-69
40-->src/main/AndroidManifest.xml:30:25-66
41
42                <category android:name="android.intent.category.LEANBACK_LAUNCHER" />
42-->src/main/AndroidManifest.xml:32:17-86
42-->src/main/AndroidManifest.xml:32:27-83
43            </intent-filter>
44        </activity>
45        <activity
45-->src/main/AndroidManifest.xml:35:9-37:40
46            android:name="com.example.myapplication.SecondActivity"
46-->src/main/AndroidManifest.xml:36:13-43
47            android:exported="false" />
47-->src/main/AndroidManifest.xml:37:13-37
48        <activity
48-->[androidx.compose.ui:ui-tooling:1.1.1] AndroidManifest.xml:25:9-27:39
49            android:name="androidx.compose.ui.tooling.PreviewActivity"
49-->[androidx.compose.ui:ui-tooling:1.1.1] AndroidManifest.xml:26:13-71
50            android:exported="true" />
50-->[androidx.compose.ui:ui-tooling:1.1.1] AndroidManifest.xml:27:13-36
51        <activity
51-->[androidx.compose.ui:ui-test-manifest:1.1.1] AndroidManifest.xml:25:9-27:39
52            android:name="androidx.activity.ComponentActivity"
52-->[androidx.compose.ui:ui-test-manifest:1.1.1] AndroidManifest.xml:26:13-63
53            android:exported="true" />
53-->[androidx.compose.ui:ui-test-manifest:1.1.1] AndroidManifest.xml:27:13-36
54
55        <provider
55-->[androidx.emoji2:emoji2:1.0.0] AndroidManifest.xml:26:9-34:20
56            android:name="androidx.startup.InitializationProvider"
56-->[androidx.emoji2:emoji2:1.0.0] AndroidManifest.xml:27:13-67
57            android:authorities="com.example.myapplication.androidx-startup"
57-->[androidx.emoji2:emoji2:1.0.0] AndroidManifest.xml:28:13-68
58            android:exported="false" >
58-->[androidx.emoji2:emoji2:1.0.0] AndroidManifest.xml:29:13-37
59            <meta-data
59-->[androidx.emoji2:emoji2:1.0.0] AndroidManifest.xml:31:13-33:52
60                android:name="androidx.emoji2.text.EmojiCompatInitializer"
60-->[androidx.emoji2:emoji2:1.0.0] AndroidManifest.xml:32:17-75
61                android:value="androidx.startup" />
61-->[androidx.emoji2:emoji2:1.0.0] AndroidManifest.xml:33:17-49
62            <meta-data
62-->[androidx.profileinstaller:profileinstaller:1.1.0] AndroidManifest.xml:31:13-33:52
63                android:name="androidx.profileinstaller.ProfileInstallerInitializer"
63-->[androidx.profileinstaller:profileinstaller:1.1.0] AndroidManifest.xml:32:17-85
64                android:value="androidx.startup" />
64-->[androidx.profileinstaller:profileinstaller:1.1.0] AndroidManifest.xml:33:17-49
65            <meta-data
65-->[androidx.lifecycle:lifecycle-process:2.4.0] AndroidManifest.xml:31:13-33:52
66                android:name="androidx.lifecycle.ProcessLifecycleInitializer"
66-->[androidx.lifecycle:lifecycle-process:2.4.0] AndroidManifest.xml:32:17-78
67                android:value="androidx.startup" />
67-->[androidx.lifecycle:lifecycle-process:2.4.0] AndroidManifest.xml:33:17-49
68        </provider>
69
70        <receiver
70-->[androidx.profileinstaller:profileinstaller:1.1.0] AndroidManifest.xml:36:9-45:20
71            android:name="androidx.profileinstaller.ProfileInstallReceiver"
71-->[androidx.profileinstaller:profileinstaller:1.1.0] AndroidManifest.xml:37:13-76
72            android:directBootAware="false"
72-->[androidx.profileinstaller:profileinstaller:1.1.0] AndroidManifest.xml:38:13-44
73            android:enabled="true"
73-->[androidx.profileinstaller:profileinstaller:1.1.0] AndroidManifest.xml:39:13-35
74            android:exported="true"
74-->[androidx.profileinstaller:profileinstaller:1.1.0] AndroidManifest.xml:40:13-36
75            android:permission="android.permission.DUMP" >
75-->[androidx.profileinstaller:profileinstaller:1.1.0] AndroidManifest.xml:41:13-57
76            <intent-filter>
76-->[androidx.profileinstaller:profileinstaller:1.1.0] AndroidManifest.xml:42:13-44:29
77                <action android:name="androidx.profileinstaller.action.INSTALL_PROFILE" />
77-->[androidx.profileinstaller:profileinstaller:1.1.0] AndroidManifest.xml:43:17-91
77-->[androidx.profileinstaller:profileinstaller:1.1.0] AndroidManifest.xml:43:25-88
78            </intent-filter>
79        </receiver>
80
81        <activity
81-->[androidx.test:core:1.4.0] AndroidManifest.xml:27:9-34:20
82            android:name="androidx.test.core.app.InstrumentationActivityInvoker$BootstrapActivity"
82-->[androidx.test:core:1.4.0] AndroidManifest.xml:28:13-99
83            android:exported="true"
83-->[androidx.test:core:1.4.0] AndroidManifest.xml:29:13-36
84            android:theme="@android:style/Theme" >
84-->[androidx.test:core:1.4.0] AndroidManifest.xml:30:13-49
85            <intent-filter>
85-->[androidx.test:core:1.4.0] AndroidManifest.xml:31:13-33:29
86                <action android:name="android.intent.action.MAIN" />
86-->src/main/AndroidManifest.xml:30:17-69
86-->src/main/AndroidManifest.xml:30:25-66
87            </intent-filter>
88        </activity>
89        <activity
89-->[androidx.test:core:1.4.0] AndroidManifest.xml:35:9-42:20
90            android:name="androidx.test.core.app.InstrumentationActivityInvoker$EmptyActivity"
90-->[androidx.test:core:1.4.0] AndroidManifest.xml:36:13-95
91            android:exported="true"
91-->[androidx.test:core:1.4.0] AndroidManifest.xml:37:13-36
92            android:theme="@android:style/Theme" >
92-->[androidx.test:core:1.4.0] AndroidManifest.xml:38:13-49
93            <intent-filter>
93-->[androidx.test:core:1.4.0] AndroidManifest.xml:31:13-33:29
94                <action android:name="android.intent.action.MAIN" />
94-->src/main/AndroidManifest.xml:30:17-69
94-->src/main/AndroidManifest.xml:30:25-66
95            </intent-filter>
96        </activity>
97        <activity
97-->[androidx.test:core:1.4.0] AndroidManifest.xml:43:9-50:20
98            android:name="androidx.test.core.app.InstrumentationActivityInvoker$EmptyFloatingActivity"
98-->[androidx.test:core:1.4.0] AndroidManifest.xml:44:13-103
99            android:exported="true"
99-->[androidx.test:core:1.4.0] AndroidManifest.xml:45:13-36
100            android:theme="@android:style/Theme.Dialog" >
100-->[androidx.test:core:1.4.0] AndroidManifest.xml:46:13-56
101            <intent-filter>
101-->[androidx.test:core:1.4.0] AndroidManifest.xml:31:13-33:29
102                <action android:name="android.intent.action.MAIN" />
102-->src/main/AndroidManifest.xml:30:17-69
102-->src/main/AndroidManifest.xml:30:25-66
103            </intent-filter>
104        </activity>
105    </application>
106
107</manifest>